/!\ FAILSAFE /!\  Thu Jan 06 15:33:35 -0800 2011
  Status: 500 Internal Server Error
  no such file to load -- sqlite3
    /Users/apeckham/.rvm/rubies/ree-1.8.6-20090610/lib/ruby/site_ruby/1.8/rubygems/custom_require.rb:31:in `gem_original_require'
    /Users/apeckham/.rvm/rubies/ree-1.8.6-20090610/lib/ruby/site_ruby/1.8/rubygems/custom_require.rb:31:in `require'
    /Users/apeckham/.rvm/gems/ree-1.8.6-20090610@namer/gems/activesupport-2.3.10/lib/active_support/dependencies.rb:182:in `require'
    /Users/apeckham/.rvm/gems/ree-1.8.6-20090610@namer/gems/activesupport-2.3.10/lib/active_support/dependencies.rb:547:in `new_constants_in'
    /Users/apeckham/.rvm/gems/ree-1.8.6-20090610@namer/gems/activesupport-2.3.10/lib/active_support/dependencies.rb:182:in `require'
    /Users/apeckham/.rvm/gems/ree-1.8.6-20090610@namer/gems/activesupport-2.3.10/lib/active_support/core_ext/kernel/requires.rb:7:in `require_library_or_gem'
    /Users/apeckham/.rvm/gems/ree-1.8.6-20090610@namer/gems/activesupport-2.3.10/lib/active_support/core_ext/kernel/reporting.rb:11:in `silence_warnings'
    /Users/apeckham/.rvm/gems/ree-1.8.6-20090610@namer/gems/activesupport-2.3.10/lib/active_support/core_ext/kernel/requires.rb:5:in `require_library_or_gem'
    /Users/apeckham/.rvm/gems/ree-1.8.6-20090610@namer/gems/activerecord-2.3.10/lib/active_record/connection_adapters/sqlite3_adapter.rb:10:in `sqlite3_connection'
    /Users/apeckham/.rvm/gems/ree-1.8.6-20090610@namer/gems/activerecord-2.3.10/lib/active_record/connection_adapters/abstract/connection_pool.rb:223:in `send'
    /Users/apeckham/.rvm/gems/ree-1.8.6-20090610@namer/gems/activerecord-2.3.10/lib/active_record/connection_adapters/abstract/connection_pool.rb:223:in `new_connection'
    /Users/apeckham/.rvm/gems/ree-1.8.6-20090610@namer/gems/activerecord-2.3.10/lib/active_record/connection_adapters/abstract/connection_pool.rb:245:in `checkout_new_connection'
    /Users/apeckham/.rvm/gems/ree-1.8.6-20090610@namer/gems/activerecord-2.3.10/lib/active_record/connection_adapters/abstract/connection_pool.rb:188:in `checkout'
    /Users/apeckham/.rvm/gems/ree-1.8.6-20090610@namer/gems/activerecord-2.3.10/lib/active_record/connection_adapters/abstract/connection_pool.rb:184:in `loop'
    /Users/apeckham/.rvm/gems/ree-1.8.6-20090610@namer/gems/activerecord-2.3.10/lib/active_record/connection_adapters/abstract/connection_pool.rb:184:in `checkout'
    /Users/apeckham/.rvm/rubies/ree-1.8.6-20090610/lib/ruby/1.8/monitor.rb:242:in `synchronize'
    /Users/apeckham/.rvm/gems/ree-1.8.6-20090610@namer/gems/activerecord-2.3.10/lib/active_record/connection_adapters/abstract/connection_pool.rb:183:in `checkout'
    /Users/apeckham/.rvm/gems/ree-1.8.6-20090610@namer/gems/activerecord-2.3.10/lib/active_record/connection_adapters/abstract/connection_pool.rb:98:in `connection'
    /Users/apeckham/.rvm/gems/ree-1.8.6-20090610@namer/gems/activerecord-2.3.10/lib/active_record/connection_adapters/abstract/connection_pool.rb:326:in `retrieve_connection'
    /Users/apeckham/.rvm/gems/ree-1.8.6-20090610@namer/gems/activerecord-2.3.10/lib/active_record/connection_adapters/abstract/connection_specification.rb:123:in `retrieve_connection'
    /Users/apeckham/.rvm/gems/ree-1.8.6-20090610@namer/gems/activerecord-2.3.10/lib/active_record/connection_adapters/abstract/connection_specification.rb:115:in `connection'
    /Users/apeckham/.rvm/gems/ree-1.8.6-20090610@namer/gems/activerecord-2.3.10/lib/active_record/query_cache.rb:9:in `cache'
    /Users/apeckham/.rvm/gems/ree-1.8.6-20090610@namer/gems/activerecord-2.3.10/lib/active_record/query_cache.rb:28:in `call'
    /Users/apeckham/.rvm/gems/ree-1.8.6-20090610@namer/gems/activerecord-2.3.10/lib/active_record/connection_adapters/abstract/connection_pool.rb:361:in `call'
    /Users/apeckham/.rvm/gems/ree-1.8.6-20090610@namer/gems/actionpack-2.3.10/lib/action_controller/string_coercion.rb:25:in `call'
    /Users/apeckham/.rvm/gems/ree-1.8.6-20090610@namer/gems/rack-1.1.0/lib/rack/head.rb:9:in `call'
    /Users/apeckham/.rvm/gems/ree-1.8.6-20090610@namer/gems/rack-1.1.0/lib/rack/methodoverride.rb:24:in `call'
    /Users/apeckham/.rvm/gems/ree-1.8.6-20090610@namer/gems/actionpack-2.3.10/lib/action_controller/params_parser.rb:15:in `call'
    /Users/apeckham/.rvm/gems/ree-1.8.6-20090610@namer/gems/actionpack-2.3.10/lib/action_controller/session/cookie_store.rb:100:in `call'
    /Users/apeckham/.rvm/gems/ree-1.8.6-20090610@namer/gems/actionpack-2.3.10/lib/action_controller/failsafe.rb:26:in `call'
    /Users/apeckham/.rvm/gems/ree-1.8.6-20090610@namer/gems/rack-1.1.0/lib/rack/lock.rb:11:in `call'
    /Users/apeckham/.rvm/gems/ree-1.8.6-20090610@namer/gems/rack-1.1.0/lib/rack/lock.rb:11:in `synchronize'
    /Users/apeckham/.rvm/gems/ree-1.8.6-20090610@namer/gems/rack-1.1.0/lib/rack/lock.rb:11:in `call'
    /Users/apeckham/.rvm/gems/ree-1.8.6-20090610@namer/gems/actionpack-2.3.10/lib/action_controller/dispatcher.rb:114:in `call'
    /Users/apeckham/.rvm/gems/ree-1.8.6-20090610@namer/gems/actionpack-2.3.10/lib/action_controller/reloader.rb:34:in `run'
    /Users/apeckham/.rvm/gems/ree-1.8.6-20090610@namer/gems/actionpack-2.3.10/lib/action_controller/dispatcher.rb:108:in `call'
    /Users/apeckham/.rvm/gems/ree-1.8.6-20090610@namer/gems/rails-2.3.10/lib/rails/rack/static.rb:31:in `call'
    /Users/apeckham/.rvm/gems/ree-1.8.6-20090610@namer/gems/rack-1.1.0/lib/rack/urlmap.rb:47:in `call'
    /Users/apeckham/.rvm/gems/ree-1.8.6-20090610@namer/gems/rack-1.1.0/lib/rack/urlmap.rb:41:in `each'
    /Users/apeckham/.rvm/gems/ree-1.8.6-20090610@namer/gems/rack-1.1.0/lib/rack/urlmap.rb:41:in `call'
    /Users/apeckham/.rvm/gems/ree-1.8.6-20090610@namer/gems/rails-2.3.10/lib/rails/rack/log_tailer.rb:17:in `call'
    /Users/apeckham/.rvm/gems/ree-1.8.6-20090610@namer/gems/rack-1.1.0/lib/rack/content_length.rb:13:in `call'
    /Users/apeckham/.rvm/gems/ree-1.8.6-20090610@namer/gems/rack-1.1.0/lib/rack/handler/webrick.rb:48:in `service'
    /Users/apeckham/.rvm/rubies/ree-1.8.6-20090610/lib/ruby/1.8/webrick/httpserver.rb:104:in `service'
    /Users/apeckham/.rvm/rubies/ree-1.8.6-20090610/lib/ruby/1.8/webrick/httpserver.rb:65:in `run'
    /Users/apeckham/.rvm/rubies/ree-1.8.6-20090610/lib/ruby/1.8/webrick/server.rb:173:in `start_thread'
    /Users/apeckham/.rvm/rubies/ree-1.8.6-20090610/lib/ruby/1.8/webrick/server.rb:162:in `start'
    /Users/apeckham/.rvm/rubies/ree-1.8.6-20090610/lib/ruby/1.8/webrick/server.rb:162:in `start_thread'
    /Users/apeckham/.rvm/rubies/ree-1.8.6-20090610/lib/ruby/1.8/webrick/server.rb:95:in `start'
    /Users/apeckham/.rvm/rubies/ree-1.8.6-20090610/lib/ruby/1.8/webrick/server.rb:92:in `each'
    /Users/apeckham/.rvm/rubies/ree-1.8.6-20090610/lib/ruby/1.8/webrick/server.rb:92:in `start'
    /Users/apeckham/.rvm/rubies/ree-1.8.6-20090610/lib/ruby/1.8/webrick/server.rb:23:in `start'
    /Users/apeckham/.rvm/rubies/ree-1.8.6-20090610/lib/ruby/1.8/webrick/server.rb:82:in `start'
    /Users/apeckham/.rvm/gems/ree-1.8.6-20090610@namer/gems/rack-1.1.0/lib/rack/handler/webrick.rb:14:in `run'
    /Users/apeckham/.rvm/gems/ree-1.8.6-20090610@namer/gems/rails-2.3.10/lib/commands/server.rb:111
    /Users/apeckham/.rvm/rubies/ree-1.8.6-20090610/lib/ruby/site_ruby/1.8/rubygems/custom_require.rb:31:in `gem_original_require'
    /Users/apeckham/.rvm/rubies/ree-1.8.6-20090610/lib/ruby/site_ruby/1.8/rubygems/custom_require.rb:31:in `require'
    script/server:3


Processing SurveysController#index (for 127.0.0.1 at 2011-01-06 15:41:00) [GET]

ActionView::MissingTemplate (Missing template surveys/index.erb in view path app/views):
  /Users/apeckham/.rvm/rubies/ruby-1.8.7-p302/lib/ruby/1.8/webrick/httpserver.rb:104:in `service'
  /Users/apeckham/.rvm/rubies/ruby-1.8.7-p302/lib/ruby/1.8/webrick/httpserver.rb:65:in `run'
  /Users/apeckham/.rvm/rubies/ruby-1.8.7-p302/lib/ruby/1.8/webrick/server.rb:173:in `start_thread'
  /Users/apeckham/.rvm/rubies/ruby-1.8.7-p302/lib/ruby/1.8/webrick/server.rb:162:in `start'
  /Users/apeckham/.rvm/rubies/ruby-1.8.7-p302/lib/ruby/1.8/webrick/server.rb:162:in `start_thread'
  /Users/apeckham/.rvm/rubies/ruby-1.8.7-p302/lib/ruby/1.8/webrick/server.rb:95:in `start'
  /Users/apeckham/.rvm/rubies/ruby-1.8.7-p302/lib/ruby/1.8/webrick/server.rb:92:in `each'
  /Users/apeckham/.rvm/rubies/ruby-1.8.7-p302/lib/ruby/1.8/webrick/server.rb:92:in `start'
  /Users/apeckham/.rvm/rubies/ruby-1.8.7-p302/lib/ruby/1.8/webrick/server.rb:23:in `start'
  /Users/apeckham/.rvm/rubies/ruby-1.8.7-p302/lib/ruby/1.8/webrick/server.rb:82:in `start'

Rendering rescues/layout (internal_server_error)


Processing SurveysController#index (for 127.0.0.1 at 2011-01-06 15:42:18) [GET]
Rendering surveys/index
Completed in 7ms (View: 5, DB: 0) | 200 OK [http://localhost/surveys/]
